2018-01-30 11:20:11.277  INFO 7368 --- [main] com.fiberhome.App                        : Starting App on zsj with PID 7368 (D:\JAVA_WORKSPACE\Spring-Summary-tx\target\classes started by DELL in D:\JAVA_WORKSPACE\Spring-Summary-tx)
2018-01-30 11:20:11.285  INFO 7368 --- [main] com.fiberhome.App                        : No active profile set, falling back to default profiles: default
2018-01-30 11:20:11.358  INFO 7368 --- [main] ationConfigEmbeddedWebApplicationContext : Refreshing org.springframework.boot.context.embedded.AnnotationConfigEmbeddedWebApplicationContext@16267862: startup date [Tue Jan 30 11:20:11 CST 2018]; root of context hierarchy
2018-01-30 11:20:12.252  INFO 7368 --- [main] o.s.b.f.s.DefaultListableBeanFactory     : Overriding bean definition for bean 'dataSource' with a different definition: replacing [Root bean: class [null]; scope=; abstract=false; lazyInit=false; autowireMode=3; dependencyCheck=0; autowireCandidate=true; primary=false; factoryBeanName=org.springframework.boot.autoconfigure.jdbc.DataSourceConfiguration$Generic; factoryMethodName=dataSource; initMethodName=null; destroyMethodName=(inferred); defined in class path resource [org/springframework/boot/autoconfigure/jdbc/DataSourceConfiguration$Generic.class]] with [Root bean: class [null]; scope=; abstract=false; lazyInit=false; autowireMode=3; dependencyCheck=0; autowireCandidate=true; primary=false; factoryBeanName=org.springframework.boot.autoconfigure.jdbc.DataSourceConfiguration$Hikari; factoryMethodName=dataSource; initMethodName=null; destroyMethodName=(inferred); defined in class path resource [org/springframework/boot/autoconfigure/jdbc/DataSourceConfiguration$Hikari.class]]
2018-01-30 11:20:13.547  INFO 7368 --- [main] s.b.c.e.t.TomcatEmbeddedServletContainer : Tomcat initialized with port(s): 8080 (http)
2018-01-30 11:20:13.571  INFO 7368 --- [main] o.apache.catalina.core.StandardService   : Starting service [Tomcat]
2018-01-30 11:20:13.573  INFO 7368 --- [main] org.apache.catalina.core.StandardEngine  : Starting Servlet Engine: Apache Tomcat/8.5.16
2018-01-30 11:20:13.695  INFO 7368 --- [localhost-startStop-1] o.a.c.c.C.[Tomcat].[localhost].[/]       : Initializing Spring embedded WebApplicationContext
2018-01-30 11:20:13.695  INFO 7368 --- [localhost-startStop-1] o.s.web.context.ContextLoader            : Root WebApplicationContext: initialization completed in 2341 ms
2018-01-30 11:20:13.901  INFO 7368 --- [localhost-startStop-1] o.s.b.w.servlet.ServletRegistrationBean  : Mapping servlet: 'dispatcherServlet' to [/]
2018-01-30 11:20:13.906  INFO 7368 --- [localhost-startStop-1] o.s.b.w.servlet.FilterRegistrationBean   : Mapping filter: 'characterEncodingFilter' to: [/*]
2018-01-30 11:20:13.907  INFO 7368 --- [localhost-startStop-1] o.s.b.w.servlet.FilterRegistrationBean   : Mapping filter: 'hiddenHttpMethodFilter' to: [/*]
2018-01-30 11:20:13.908  INFO 7368 --- [localhost-startStop-1] o.s.b.w.servlet.FilterRegistrationBean   : Mapping filter: 'httpPutFormContentFilter' to: [/*]
2018-01-30 11:20:13.909  INFO 7368 --- [localhost-startStop-1] o.s.b.w.servlet.FilterRegistrationBean   : Mapping filter: 'requestContextFilter' to: [/*]
2018-01-30 11:20:15.011  INFO 7368 --- [main] s.w.s.m.m.a.RequestMappingHandlerAdapter : Looking for @ControllerAdvice: org.springframework.boot.context.embedded.AnnotationConfigEmbeddedWebApplicationContext@16267862: startup date [Tue Jan 30 11:20:11 CST 2018]; root of context hierarchy
2018-01-30 11:20:15.123  INFO 7368 --- [main] s.w.s.m.m.a.RequestMappingHandlerMapping : Mapped "{[/user/getById/{id}]}" onto public com.fiberhome.entity.User com.fiberhome.controller.UserUI.getById(java.lang.Long) throws java.lang.Exception
2018-01-30 11:20:15.126  INFO 7368 --- [main] s.w.s.m.m.a.RequestMappingHandlerMapping : Mapped "{[/user/listUser]}" onto public java.util.List<com.fiberhome.entity.User> com.fiberhome.controller.UserUI.listUser() throws java.lang.Exception
2018-01-30 11:20:15.127  INFO 7368 --- [main] s.w.s.m.m.a.RequestMappingHandlerMapping : Mapped "{[/user/testInsert]}" onto public java.lang.Long com.fiberhome.controller.UserUI.testInsert() throws java.lang.Exception
2018-01-30 11:20:15.130  INFO 7368 --- [main] s.w.s.m.m.a.RequestMappingHandlerMapping : Mapped "{[/error]}" onto public org.springframework.http.ResponseEntity<java.util.Map<java.lang.String, java.lang.Object>> org.springframework.boot.autoconfigure.web.BasicErrorController.error(javax.servlet.http.HttpServletRequest)
2018-01-30 11:20:15.132  INFO 7368 --- [main] s.w.s.m.m.a.RequestMappingHandlerMapping : Mapped "{[/error],produces=[text/html]}" onto public org.springframework.web.servlet.ModelAndView org.springframework.boot.autoconfigure.web.BasicErrorController.errorHtml(javax.servlet.http.HttpServletRequest,javax.servlet.http.HttpServletResponse)
2018-01-30 11:20:15.183  INFO 7368 --- [main] o.s.w.s.handler.SimpleUrlHandlerMapping  : Mapped URL path [/webjars/**] onto handler of type [class org.springframework.web.servlet.resource.ResourceHttpRequestHandler]
2018-01-30 11:20:15.184  INFO 7368 --- [main] o.s.w.s.handler.SimpleUrlHandlerMapping  : Mapped URL path [/**] onto handler of type [class org.springframework.web.servlet.resource.ResourceHttpRequestHandler]
2018-01-30 11:20:15.241  INFO 7368 --- [main] o.s.w.s.handler.SimpleUrlHandlerMapping  : Mapped URL path [/**/favicon.ico] onto handler of type [class org.springframework.web.servlet.resource.ResourceHttpRequestHandler]
2018-01-30 11:20:15.648  INFO 7368 --- [main] o.s.j.e.a.AnnotationMBeanExporter        : Registering beans for JMX exposure on startup
2018-01-30 11:20:15.651  INFO 7368 --- [main] o.s.j.e.a.AnnotationMBeanExporter        : Bean with name 'dataSource' has been autodetected for JMX exposure
2018-01-30 11:20:15.656  INFO 7368 --- [main] o.s.j.e.a.AnnotationMBeanExporter        : Located MBean 'dataSource': registering with JMX server as MBean [com.zaxxer.hikari:name=dataSource,type=HikariDataSource]
2018-01-30 11:20:15.818  INFO 7368 --- [main] s.b.c.e.t.TomcatEmbeddedServletContainer : Tomcat started on port(s): 8080 (http)
2018-01-30 11:20:15.827  INFO 7368 --- [main] com.fiberhome.App                        : Started App in 4.867 seconds (JVM running for 5.244)
