2018-01-30 11:21:03.521  INFO 11512 --- [main] com.fiberhome.App                        : Starting App on zsj with PID 11512 (D:\JAVA_WORKSPACE\Spring-Summary-tx\target\classes started by DELL in D:\JAVA_WORKSPACE\Spring-Summary-tx)
2018-01-30 11:21:03.524  INFO 11512 --- [main] com.fiberhome.App                        : No active profile set, falling back to default profiles: default
2018-01-30 11:21:03.595  INFO 11512 --- [main] ationConfigEmbeddedWebApplicationContext : Refreshing org.springframework.boot.context.embedded.AnnotationConfigEmbeddedWebApplicationContext@16267862: startup date [Tue Jan 30 11:21:03 CST 2018]; root of context hierarchy
2018-01-30 11:21:04.560  INFO 11512 --- [main] o.s.b.f.s.DefaultListableBeanFactory     : Overriding bean definition for bean 'dataSource' with a different definition: replacing [Root bean: class [null]; scope=; abstract=false; lazyInit=false; autowireMode=3; dependencyCheck=0; autowireCandidate=true; primary=false; factoryBeanName=org.springframework.boot.autoconfigure.jdbc.DataSourceConfiguration$Generic; factoryMethodName=dataSource; initMethodName=null; destroyMethodName=(inferred); defined in class path resource [org/springframework/boot/autoconfigure/jdbc/DataSourceConfiguration$Generic.class]] with [Root bean: class [null]; scope=; abstract=false; lazyInit=false; autowireMode=3; dependencyCheck=0; autowireCandidate=true; primary=false; factoryBeanName=org.springframework.boot.autoconfigure.jdbc.DataSourceConfiguration$Hikari; factoryMethodName=dataSource; initMethodName=null; destroyMethodName=(inferred); defined in class path resource [org/springframework/boot/autoconfigure/jdbc/DataSourceConfiguration$Hikari.class]]
2018-01-30 11:21:06.058  INFO 11512 --- [main] s.b.c.e.t.TomcatEmbeddedServletContainer : Tomcat initialized with port(s): 8080 (http)
2018-01-30 11:21:06.079  INFO 11512 --- [main] o.apache.catalina.core.StandardService   : Starting service [Tomcat]
2018-01-30 11:21:06.084  INFO 11512 --- [main] org.apache.catalina.core.StandardEngine  : Starting Servlet Engine: Apache Tomcat/8.5.16
2018-01-30 11:21:06.230  INFO 11512 --- [localhost-startStop-1] o.a.c.c.C.[Tomcat].[localhost].[/]       : Initializing Spring embedded WebApplicationContext
2018-01-30 11:21:06.231  INFO 11512 --- [localhost-startStop-1] o.s.web.context.ContextLoader            : Root WebApplicationContext: initialization completed in 2637 ms
2018-01-30 11:21:06.514  INFO 11512 --- [localhost-startStop-1] o.s.b.w.servlet.ServletRegistrationBean  : Mapping servlet: 'dispatcherServlet' to [/]
2018-01-30 11:21:06.534  INFO 11512 --- [localhost-startStop-1] o.s.b.w.servlet.FilterRegistrationBean   : Mapping filter: 'characterEncodingFilter' to: [/*]
2018-01-30 11:21:06.535  INFO 11512 --- [localhost-startStop-1] o.s.b.w.servlet.FilterRegistrationBean   : Mapping filter: 'hiddenHttpMethodFilter' to: [/*]
2018-01-30 11:21:06.536  INFO 11512 --- [localhost-startStop-1] o.s.b.w.servlet.FilterRegistrationBean   : Mapping filter: 'httpPutFormContentFilter' to: [/*]
2018-01-30 11:21:06.537  INFO 11512 --- [localhost-startStop-1] o.s.b.w.servlet.FilterRegistrationBean   : Mapping filter: 'requestContextFilter' to: [/*]
2018-01-30 11:21:07.809  INFO 11512 --- [main] s.w.s.m.m.a.RequestMappingHandlerAdapter : Looking for @ControllerAdvice: org.springframework.boot.context.embedded.AnnotationConfigEmbeddedWebApplicationContext@16267862: startup date [Tue Jan 30 11:21:03 CST 2018]; root of context hierarchy
2018-01-30 11:21:07.893  INFO 11512 --- [main] s.w.s.m.m.a.RequestMappingHandlerMapping : Mapped "{[/user/getById/{id}]}" onto public com.fiberhome.entity.User com.fiberhome.controller.UserUI.getById(java.lang.Long) throws java.lang.Exception
2018-01-30 11:21:07.895  INFO 11512 --- [main] s.w.s.m.m.a.RequestMappingHandlerMapping : Mapped "{[/user/testInsert]}" onto public java.lang.Long com.fiberhome.controller.UserUI.testInsert() throws java.lang.Exception
2018-01-30 11:21:07.895  INFO 11512 --- [main] s.w.s.m.m.a.RequestMappingHandlerMapping : Mapped "{[/user/listUser]}" onto public java.util.List<com.fiberhome.entity.User> com.fiberhome.controller.UserUI.listUser() throws java.lang.Exception
2018-01-30 11:21:07.903  INFO 11512 --- [main] s.w.s.m.m.a.RequestMappingHandlerMapping : Mapped "{[/error]}" onto public org.springframework.http.ResponseEntity<java.util.Map<java.lang.String, java.lang.Object>> org.springframework.boot.autoconfigure.web.BasicErrorController.error(javax.servlet.http.HttpServletRequest)
2018-01-30 11:21:07.904  INFO 11512 --- [main] s.w.s.m.m.a.RequestMappingHandlerMapping : Mapped "{[/error],produces=[text/html]}" onto public org.springframework.web.servlet.ModelAndView org.springframework.boot.autoconfigure.web.BasicErrorController.errorHtml(javax.servlet.http.HttpServletRequest,javax.servlet.http.HttpServletResponse)
2018-01-30 11:21:07.956  INFO 11512 --- [main] o.s.w.s.handler.SimpleUrlHandlerMapping  : Mapped URL path [/webjars/**] onto handler of type [class org.springframework.web.servlet.resource.ResourceHttpRequestHandler]
2018-01-30 11:21:07.956  INFO 11512 --- [main] o.s.w.s.handler.SimpleUrlHandlerMapping  : Mapped URL path [/**] onto handler of type [class org.springframework.web.servlet.resource.ResourceHttpRequestHandler]
2018-01-30 11:21:08.026  INFO 11512 --- [main] o.s.w.s.handler.SimpleUrlHandlerMapping  : Mapped URL path [/**/favicon.ico] onto handler of type [class org.springframework.web.servlet.resource.ResourceHttpRequestHandler]
2018-01-30 11:21:08.379  INFO 11512 --- [main] o.s.j.e.a.AnnotationMBeanExporter        : Registering beans for JMX exposure on startup
2018-01-30 11:21:08.382  INFO 11512 --- [main] o.s.j.e.a.AnnotationMBeanExporter        : Bean with name 'dataSource' has been autodetected for JMX exposure
2018-01-30 11:21:08.388  INFO 11512 --- [main] o.s.j.e.a.AnnotationMBeanExporter        : Located MBean 'dataSource': registering with JMX server as MBean [com.zaxxer.hikari:name=dataSource,type=HikariDataSource]
2018-01-30 11:21:08.581  INFO 11512 --- [main] s.b.c.e.t.TomcatEmbeddedServletContainer : Tomcat started on port(s): 8080 (http)
2018-01-30 11:21:08.591  INFO 11512 --- [main] com.fiberhome.App                        : Started App in 5.414 seconds (JVM running for 5.797)
