2018-01-30 11:15:49.501  INFO 5296 --- [main] com.fiberhome.App                        : Starting App on zsj with PID 5296 (D:\JAVA_WORKSPACE\Spring-Summary-tx\target\classes started by DELL in D:\JAVA_WORKSPACE\Spring-Summary-tx)
2018-01-30 11:15:49.506  INFO 5296 --- [main] com.fiberhome.App                        : No active profile set, falling back to default profiles: default
2018-01-30 11:15:49.577  INFO 5296 --- [main] ationConfigEmbeddedWebApplicationContext : Refreshing org.springframework.boot.context.embedded.AnnotationConfigEmbeddedWebApplicationContext@16267862: startup date [Tue Jan 30 11:15:49 CST 2018]; root of context hierarchy
2018-01-30 11:15:50.437  INFO 5296 --- [main] o.s.b.f.s.DefaultListableBeanFactory     : Overriding bean definition for bean 'dataSource' with a different definition: replacing [Root bean: class [null]; scope=; abstract=false; lazyInit=false; autowireMode=3; dependencyCheck=0; autowireCandidate=true; primary=false; factoryBeanName=org.springframework.boot.autoconfigure.jdbc.DataSourceConfiguration$Generic; factoryMethodName=dataSource; initMethodName=null; destroyMethodName=(inferred); defined in class path resource [org/springframework/boot/autoconfigure/jdbc/DataSourceConfiguration$Generic.class]] with [Root bean: class [null]; scope=; abstract=false; lazyInit=false; autowireMode=3; dependencyCheck=0; autowireCandidate=true; primary=false; factoryBeanName=org.springframework.boot.autoconfigure.jdbc.DataSourceConfiguration$Hikari; factoryMethodName=dataSource; initMethodName=null; destroyMethodName=(inferred); defined in class path resource [org/springframework/boot/autoconfigure/jdbc/DataSourceConfiguration$Hikari.class]]
2018-01-30 11:15:51.761  INFO 5296 --- [main] s.b.c.e.t.TomcatEmbeddedServletContainer : Tomcat initialized with port(s): 8080 (http)
2018-01-30 11:15:51.782  INFO 5296 --- [main] o.apache.catalina.core.StandardService   : Starting service [Tomcat]
2018-01-30 11:15:51.785  INFO 5296 --- [main] org.apache.catalina.core.StandardEngine  : Starting Servlet Engine: Apache Tomcat/8.5.16
2018-01-30 11:15:51.911  INFO 5296 --- [localhost-startStop-1] o.a.c.c.C.[Tomcat].[localhost].[/]       : Initializing Spring embedded WebApplicationContext
2018-01-30 11:15:51.911  INFO 5296 --- [localhost-startStop-1] o.s.web.context.ContextLoader            : Root WebApplicationContext: initialization completed in 2338 ms
2018-01-30 11:15:52.135  INFO 5296 --- [localhost-startStop-1] o.s.b.w.servlet.ServletRegistrationBean  : Mapping servlet: 'dispatcherServlet' to [/]
2018-01-30 11:15:52.141  INFO 5296 --- [localhost-startStop-1] o.s.b.w.servlet.FilterRegistrationBean   : Mapping filter: 'characterEncodingFilter' to: [/*]
2018-01-30 11:15:52.142  INFO 5296 --- [localhost-startStop-1] o.s.b.w.servlet.FilterRegistrationBean   : Mapping filter: 'hiddenHttpMethodFilter' to: [/*]
2018-01-30 11:15:52.143  INFO 5296 --- [localhost-startStop-1] o.s.b.w.servlet.FilterRegistrationBean   : Mapping filter: 'httpPutFormContentFilter' to: [/*]
2018-01-30 11:15:52.144  INFO 5296 --- [localhost-startStop-1] o.s.b.w.servlet.FilterRegistrationBean   : Mapping filter: 'requestContextFilter' to: [/*]
2018-01-30 11:15:53.289  INFO 5296 --- [main] s.w.s.m.m.a.RequestMappingHandlerAdapter : Looking for @ControllerAdvice: org.springframework.boot.context.embedded.AnnotationConfigEmbeddedWebApplicationContext@16267862: startup date [Tue Jan 30 11:15:49 CST 2018]; root of context hierarchy
2018-01-30 11:15:53.370  INFO 5296 --- [main] s.w.s.m.m.a.RequestMappingHandlerMapping : Mapped "{[/user/getById/{id}]}" onto public com.fiberhome.entity.User com.fiberhome.controller.UserUI.getById(java.lang.Long) throws java.lang.Exception
2018-01-30 11:15:53.372  INFO 5296 --- [main] s.w.s.m.m.a.RequestMappingHandlerMapping : Mapped "{[/user/testInsert]}" onto public java.lang.Long com.fiberhome.controller.UserUI.testInsert() throws java.lang.Exception
2018-01-30 11:15:53.372  INFO 5296 --- [main] s.w.s.m.m.a.RequestMappingHandlerMapping : Mapped "{[/user/listUser]}" onto public java.util.List<com.fiberhome.entity.User> com.fiberhome.controller.UserUI.listUser() throws java.lang.Exception
2018-01-30 11:15:53.379  INFO 5296 --- [main] s.w.s.m.m.a.RequestMappingHandlerMapping : Mapped "{[/error]}" onto public org.springframework.http.ResponseEntity<java.util.Map<java.lang.String, java.lang.Object>> org.springframework.boot.autoconfigure.web.BasicErrorController.error(javax.servlet.http.HttpServletRequest)
2018-01-30 11:15:53.381  INFO 5296 --- [main] s.w.s.m.m.a.RequestMappingHandlerMapping : Mapped "{[/error],produces=[text/html]}" onto public org.springframework.web.servlet.ModelAndView org.springframework.boot.autoconfigure.web.BasicErrorController.errorHtml(javax.servlet.http.HttpServletRequest,javax.servlet.http.HttpServletResponse)
2018-01-30 11:15:53.431  INFO 5296 --- [main] o.s.w.s.handler.SimpleUrlHandlerMapping  : Mapped URL path [/webjars/**] onto handler of type [class org.springframework.web.servlet.resource.ResourceHttpRequestHandler]
2018-01-30 11:15:53.432  INFO 5296 --- [main] o.s.w.s.handler.SimpleUrlHandlerMapping  : Mapped URL path [/**] onto handler of type [class org.springframework.web.servlet.resource.ResourceHttpRequestHandler]
2018-01-30 11:15:53.498  INFO 5296 --- [main] o.s.w.s.handler.SimpleUrlHandlerMapping  : Mapped URL path [/**/favicon.ico] onto handler of type [class org.springframework.web.servlet.resource.ResourceHttpRequestHandler]
2018-01-30 11:15:53.798  INFO 5296 --- [main] o.s.j.e.a.AnnotationMBeanExporter        : Registering beans for JMX exposure on startup
2018-01-30 11:15:53.800  INFO 5296 --- [main] o.s.j.e.a.AnnotationMBeanExporter        : Bean with name 'dataSource' has been autodetected for JMX exposure
2018-01-30 11:15:53.807  INFO 5296 --- [main] o.s.j.e.a.AnnotationMBeanExporter        : Located MBean 'dataSource': registering with JMX server as MBean [com.zaxxer.hikari:name=dataSource,type=HikariDataSource]
2018-01-30 11:15:53.986  INFO 5296 --- [main] s.b.c.e.t.TomcatEmbeddedServletContainer : Tomcat started on port(s): 8080 (http)
2018-01-30 11:15:53.994  INFO 5296 --- [main] com.fiberhome.App                        : Started App in 4.808 seconds (JVM running for 5.18)
2018-01-30 11:16:15.710  INFO 5296 --- [http-nio-8080-exec-1] o.a.c.c.C.[Tomcat].[localhost].[/]       : Initializing Spring FrameworkServlet 'dispatcherServlet'
2018-01-30 11:16:15.711  INFO 5296 --- [http-nio-8080-exec-1] o.s.web.servlet.DispatcherServlet        : FrameworkServlet 'dispatcherServlet': initialization started
2018-01-30 11:16:15.748  INFO 5296 --- [http-nio-8080-exec-1] o.s.web.servlet.DispatcherServlet        : FrameworkServlet 'dispatcherServlet': initialization completed in 37 ms
2018-01-30 11:16:15.792  INFO 5296 --- [http-nio-8080-exec-1] com.zaxxer.hikari.HikariDataSource       : HikariPool-1 - Started.
2018-01-30 11:16:16.139  INFO 5296 --- [http-nio-8080-exec-1] com.zaxxer.hikari.pool.PoolBase          : HikariPool-1 - Driver does not support get/set network timeout for connections. (com.microsoft.sqlserver.jdbc.SQLServerConnection.getNetworkTimeout()I)
2018-01-30 11:16:16.295 DEBUG 5296 --- [http-nio-8080-exec-1] com.fiberhome.dao.UserDao.getUser        : ==>  Preparing: SELECT * FROM USER1 
2018-01-30 11:16:16.341 DEBUG 5296 --- [http-nio-8080-exec-1] com.fiberhome.dao.UserDao.getUser        : ==> Parameters: 
2018-01-30 11:16:16.372 DEBUG 5296 --- [http-nio-8080-exec-1] com.fiberhome.dao.UserDao.getUser        : <==      Total: 3
2018-01-30 11:16:16.385  INFO 5296 --- [http-nio-8080-exec-1] daoRTLog                                 : method=List com.fiberhome.dao.UserDao.getUser(),wasteTime=122
